Loading required package: methods
Loading required package: bitops
Loading required package: lattice
Loading required package: ggplot2
Loading required package: Matrix
Loading required package: foreach
Loaded glmnet 2.0-10

Loading required package: DBI
hash-2.2.6 provided by Decision Patterns

This is INLA_17.08.10 built 2017-08-15 15:54:45 UTC.
See www.r-inla.org/contact-us for how to get help.
Loading required package: bigmemory.sri
Warning message:
In .checkFieldsInMethod(def, fieldNames, allMethods) :
  local assignment to field name will not change the field:
    g.results[1, 1] <- -Inf; g.results[1, 2] <- 1; g.results[2, 1] <- Inf; g.results[2, 2] <- 1; g.results[3, 1] <- Inf; g.results[3, 2] <- 1; g.results[4, 1] <- 0; g.results[4, 2] <- 0; thin_rate <- search.args.list$thin_rate
 Did you mean to use "<<-"? ( in method "initialize" for class "EMJMCMC2016")
           used  (Mb) gc trigger  (Mb) max used  (Mb)
Ncells  2176517 116.3    3886542 207.6  3205452 171.2
Vcells 33433121 255.1   79060409 603.2 79056572 603.2
Error in `[.data.frame`(train, 785 + dig) : undefined columns selected
Calls: which -> cor -> is.data.frame -> [ -> [.data.frame
Execution halted
Loading required package: Matrix
Loading required package: foreach
Loaded glmnet 2.0-10

Loading required package: DBI
Loading required package: methods
hash-2.2.6 provided by Decision Patterns

This is INLA_17.08.10 built 2017-08-15 15:54:45 UTC.
See www.r-inla.org/contact-us for how to get help.
Loading required package: bigmemory.sri
Warning message:
In .checkFieldsInMethod(def, fieldNames, allMethods) :
  local assignment to field name will not change the field:
    g.results[1, 1] <- -Inf; g.results[1, 2] <- 1; g.results[2, 1] <- Inf; g.results[2, 2] <- 1; g.results[3, 1] <- Inf; g.results[3, 2] <- 1; g.results[4, 1] <- 0; g.results[4, 2] <- 0; thin_rate <- search.args.list$thin_rate
 Did you mean to use "<<-"? ( in method "initialize" for class "EMJMCMC2016")
           used  (Mb) gc trigger  (Mb) max used  (Mb)
Ncells  1693509  90.5    2637877 140.9  2164898 115.7
Vcells 36119280 275.6   78695259 600.4 78695235 600.4
[1] 4
[1] "Data filtered! Insignificant variables deleted!"
[1] "Data filtered! Insignificant variables deleted!"
[1] "Data filtered! Insignificant variables deleted!"
[1] "Data filtered! Insignificant variables deleted!"
[1] "Data filtered! Insignificant variables deleted!"
[1] "Data filtered! Insignificant variables deleted!"
[1] "Data filtered! Insignificant variables deleted!"
[1] "Data filtered! Insignificant variables deleted!"
[1] "Data filtered! Insignificant variables deleted!"
[1] "Data filtered! Insignificant variables deleted!"
[1] "Data filtered! Insignificant variables deleted!"
[1] "Data filtered! Insignificant variables deleted!"
[1] "Data filtered! Insignificant variables deleted!"
[1] "Data filtered! Insignificant variables deleted!"
[1] "Data filtered! Insignificant variables deleted!"
[1] "Data filtered! Insignificant variables deleted!"
[1] "Data filtered! Insignificant variables deleted!"
[1] "Data filtered! Insignificant variables deleted!"
[1] "Data filtered! Insignificant variables deleted!"
[1] "Data filtered! Insignificant variables deleted!"
[1] "Data filtered! Insignificant variables deleted!"
[1] "Data filtered! Insignificant variables deleted!"
[1] "Data filtered! Insignificant variables deleted!"
[1] "Data filtered! Insignificant variables deleted!"
[1] "Data filtered! Insignificant variables deleted!"
[1] "Data filtered! Insignificant variables deleted!"
[1] "Data filtered! Insignificant variables deleted!"
[1] "Data filtered! Insignificant variables deleted!"
[1] "Data filtered! Insignificant variables deleted!"
[1] "Data filtered! Insignificant variables deleted!"
[1] "Data filtered! Insignificant variables deleted!"
[1] "Data filtered! Insignificant variables deleted!"
[1] "Data filtered! Insignificant variables deleted!"
[1] "Data filtered! Insignificant variables deleted!"
[1] "Data filtered! Insignificant variables deleted!"
[1] "Data filtered! Insignificant variables deleted!"
[1] "Data filtered! Insignificant variables deleted!"
[1] "Data filtered! Insignificant variables deleted!"
[1] "Data filtered! Insignificant variables deleted!"
[1] "Data filtered! Insignificant variables deleted!"
[1] "Data filtered! Insignificant variables deleted!"
[1] "MJMCMC is completed"
[1] "Post Proceed Results"
[1] "pi truth"
[1] "MJMCMC is completed"
[1] "Post Proceed Results"
[1] "pi truth"
[1] "MJMCMC is completed"
[1] "Post Proceed Results"
[1] "MJMCMC is completed"
[1] "Post Proceed Results"
[1] "MJMCMC is completed"
[1] "Post Proceed Results"
[1] "pi truth"
[1] "pi truth"
[1] "MJMCMC is completed"
[1] "Post Proceed Results"
[1] "pi truth"
[1] "MJMCMC is completed"
[1] "Post Proceed Results"
[1] "pi truth"
[1] "pi truth"
[1] "MJMCMC is completed"
[1] "Post Proceed Results"
[1] "pi truth"
[1] "MJMCMC is completed"
[1] "Post Proceed Results"
[1] "pi truth"
[1] "MJMCMC is completed"
[1] "Post Proceed Results"
[1] "pi truth"
[1] "MJMCMC is completed"
[1] "Post Proceed Results"
[1] "pi truth"
[1] "MJMCMC is completed"
[1] "Post Proceed Results"
[1] "pi truth"
[1] "MJMCMC is completed"
[1] "Post Proceed Results"
[1] "pi truth"
[1] "MJMCMC is completed"
[1] "Post Proceed Results"
[1] "pi truth"
[1] "MJMCMC is completed"
[1] "Post Proceed Results"
[1] "pi truth"
[1] "MJMCMC is completed"
[1] "Post Proceed Results"
[1] "pi truth"
[1] "MJMCMC is completed"
[1] "Post Proceed Results"
[1] "pi truth"
[1] "MJMCMC is completed"
[1] "Post Proceed Results"
[1] "pi truth"
[1] "MJMCMC is completed"
[1] "Post Proceed Results"
[1] "pi truth"
[1] "MJMCMC is completed"
[1] "Post Proceed Results"
[1] "pi truth"
[1] "MJMCMC is completed"
[1] "Post Proceed Results"
[1] "pi truth"
[1] "MJMCMC is completed"
[1] "Post Proceed Results"
[1] "pi truth"
[1] "MJMCMC is completed"
[1] "Post Proceed Results"
[1] "pi truth"
[1] "MJMCMC is completed"
[1] "Post Proceed Results"
[1] "pi truth"
[1] "MJMCMC is completed"
[1] "Post Proceed Results"
[1] "pi truth"
[1] "MJMCMC is completed"
[1] "Post Proceed Results"
[1] "pi truth"
[1] "MJMCMC is completed"
[1] "Post Proceed Results"
[1] "pi truth"
[1] "MJMCMC is completed"
[1] "Post Proceed Results"
[1] "pi truth"
[1] "MJMCMC is completed"
[1] "Post Proceed Results"
[1] "pi truth"
[1] "MJMCMC is completed"
[1] "Post Proceed Results"
[1] "pi truth"
[1] "MJMCMC is completed"
[1] "Post Proceed Results"
[1] "pi truth"
[1] "MJMCMC is completed"
[1] "Post Proceed Results"
[1] "pi truth"
[1] 0.8636142
[1] 0.8891087
[1] 0.891917
[1] 0.918486
[1] 0.9182662
[1] 0.9455678
[1] 0.9405861
[1] 0.940464
[1] 0.942442
[1] 0.9031502
[1] 3
[1] "Data filtered! Insignificant variables deleted!"
[1] "Data filtered! Insignificant variables deleted!"
[1] "Data filtered! Insignificant variables deleted!"
[1] "Data filtered! Insignificant variables deleted!"
[1] "Data filtered! Insignificant variables deleted!"
[1] "Data filtered! Insignificant variables deleted!"
[1] "Data filtered! Insignificant variables deleted!"
[1] "Data filtered! Insignificant variables deleted!"
[1] "Data filtered! Insignificant variables deleted!"
[1] "Data filtered! Insignificant variables deleted!"
[1] "Data filtered! Insignificant variables deleted!"
[1] "Data filtered! Insignificant variables deleted!"
[1] "Data filtered! Insignificant variables deleted!"
[1] "Data filtered! Insignificant variables deleted!"
[1] "Data filtered! Insignificant variables deleted!"
[1] "Data filtered! Insignificant variables deleted!"
[1] "Data filtered! Insignificant variables deleted!"
[1] "Data filtered! Insignificant variables deleted!"
[1] "Data filtered! Insignificant variables deleted!"
[1] "Data filtered! Insignificant variables deleted!"
[1] "Data filtered! Insignificant variables deleted!"
[1] "Data filtered! Insignificant variables deleted!"
[1] "Data filtered! Insignificant variables deleted!"
[1] "Data filtered! Insignificant variables deleted!"
[1] "Data filtered! Insignificant variables deleted!"
[1] "Data filtered! Insignificant variables deleted!"
[1] "Data filtered! Insignificant variables deleted!"
[1] "Data filtered! Insignificant variables deleted!"
[1] "Data filtered! Insignificant variables deleted!"
[1] "Data filtered! Insignificant variables deleted!"
[1] "Data filtered! Insignificant variables deleted!"
[1] "Data filtered! Insignificant variables deleted!"
[1] "Data filtered! Insignificant variables deleted!"
[1] "Data filtered! Insignificant variables deleted!"
[1] "Data filtered! Insignificant variables deleted!"
[1] "Data filtered! Insignificant variables deleted!"
[1] "Data filtered! Insignificant variables deleted!"
[1] "Data filtered! Insignificant variables deleted!"
[1] "Data filtered! Insignificant variables deleted!"
[1] "Data filtered! Insignificant variables deleted!"
[1] "1000  iterations completed up to now after  89.2725333333331  cpu minutes  best MLIK found  -33.5000087396685  current mlik found  -37.0000060883718 current acceptance ratio  0.188118811881188"
[1] "Data filtered! Insignificant variables deleted!"
[1] "1000  iterations completed up to now after  111.515116666667  cpu minutes  best MLIK found  -58.0000029587701  current mlik found  -80.5000000562518 current acceptance ratio  0.0198019801980198"
[1] "1000  iterations completed up to now after  116.8578  cpu minutes  best MLIK found  -55.500001645461  current mlik found  -99.0000000351351 current acceptance ratio  0.0099009900990099"
[1] "MJMCMC is completed"
[1] "Post Proceed Results"
[1] "pi truth"
[1] "MJMCMC is completed"
[1] "Post Proceed Results"
[1] "pi truth"
[1] "MJMCMC is completed"
[1] "Post Proceed Results"
[1] "pi truth"
[1] "MJMCMC is completed"
[1] "Post Proceed Results"
[1] "pi truth"
[1] "MJMCMC is completed"
[1] "Post Proceed Results"
[1] "pi truth"
[1] "MJMCMC is completed"
[1] "Post Proceed Results"
[1] "pi truth"
[1] "MJMCMC is completed"
[1] "Post Proceed Results"
[1] "pi truth"
[1] "MJMCMC is completed"
[1] "Post Proceed Results"
[1] "pi truth"
[1] "MJMCMC is completed"
[1] "Post Proceed Results"
[1] "pi truth"
[1] "MJMCMC is completed"
[1] "Post Proceed Results"
[1] "MJMCMC is completed"
[1] "Post Proceed Results"
[1] "pi truth"
[1] "pi truth"
Timing stopped at: 10.86 0.318 11.18
[1] "MJMCMC is completed"
[1] "Post Proceed Results"
[1] "pi truth"
[1] "MJMCMC is completed"
[1] "Post Proceed Results"
[1] "pi truth"
[1] "MJMCMC is completed"
[1] "Post Proceed Results"
[1] "pi truth"
[1] "MJMCMC is completed"
[1] "Post Proceed Results"
[1] "pi truth"
[1] "MJMCMC is completed"
[1] "Post Proceed Results"
[1] "pi truth"
[1] "MJMCMC is completed"
[1] "Post Proceed Results"
[1] "pi truth"
[1] "MJMCMC is completed"
[1] "Post Proceed Results"
[1] "pi truth"
[1] "MJMCMC is completed"
[1] "Post Proceed Results"
[1] "pi truth"
[1] "MJMCMC is completed"
[1] "Post Proceed Results"
[1] "pi truth"
[1] "MJMCMC is completed"
[1] "Post Proceed Results"
[1] "pi truth"
[1] "MJMCMC is completed"
[1] "Post Proceed Results"
[1] "pi truth"
[1] "MJMCMC is completed"
[1] "Post Proceed Results"
[1] "pi truth"
[1] "MJMCMC is completed"
[1] "Post Proceed Results"
[1] "pi truth"
[1] "MJMCMC is completed"
[1] "Post Proceed Results"
[1] "pi truth"
[1] "MJMCMC is completed"
[1] "Post Proceed Results"
[1] "pi truth"
[1] "MJMCMC is completed"
[1] "Post Proceed Results"
[1] "pi truth"
[1] "MJMCMC is completed"
[1] "Post Proceed Results"
[1] "pi truth"
[1] "MJMCMC is completed"
[1] "Post Proceed Results"
[1] "pi truth"
[1] "MJMCMC is completed"
[1] "Post Proceed Results"
[1] "pi truth"
[1] "MJMCMC is completed"
[1] "Post Proceed Results"
[1] "pi truth"
[1] "MJMCMC is completed"
[1] "Post Proceed Results"
[1] "pi truth"
[1] 0.8939927
[1] 0.9037607
[1] 0.9134066
[1] 0.9230037
[1] 0.9281319
[1] 0.9336752
[1] 0.9378999
[1] 0.9411966
[1] 0.9437607
[1] 0.8961661
[1] 2
[1] "Data filtered! Insignificant variables deleted!"
[1] "Data filtered! Insignificant variables deleted!"
[1] "Data filtered! Insignificant variables deleted!"
[1] "Data filtered! Insignificant variables deleted!"
[1] "Data filtered! Insignificant variables deleted!"
[1] "Data filtered! Insignificant variables deleted!"
[1] "Data filtered! Insignificant variables deleted!"
[1] "Data filtered! Insignificant variables deleted!"
[1] "Data filtered! Insignificant variables deleted!"
[1] "Data filtered! Insignificant variables deleted!"
[1] "Data filtered! Insignificant variables deleted!"
[1] "Data filtered! Insignificant variables deleted!"
[1] "Data filtered! Insignificant variables deleted!"
[1] "Data filtered! Insignificant variables deleted!"
[1] "Data filtered! Insignificant variables deleted!"
[1] "Data filtered! Insignificant variables deleted!"
[1] "Data filtered! Insignificant variables deleted!"
[1] "Data filtered! Insignificant variables deleted!"
[1] "Data filtered! Insignificant variables deleted!"
[1] "Data filtered! Insignificant variables deleted!"
[1] "Data filtered! Insignificant variables deleted!"
[1] "Data filtered! Insignificant variables deleted!"
[1] "Data filtered! Insignificant variables deleted!"
[1] "Data filtered! Insignificant variables deleted!"
[1] "Data filtered! Insignificant variables deleted!"
[1] "Data filtered! Insignificant variables deleted!"
[1] "Data filtered! Insignificant variables deleted!"
[1] "Data filtered! Insignificant variables deleted!"
[1] "Data filtered! Insignificant variables deleted!"
[1] "Data filtered! Insignificant variables deleted!"
[1] "MJMCMC is completed"
[1] "Post Proceed Results"
[1] "MJMCMC is completed"
[1] "Post Proceed Results"
[1] "pi truth"
[1] "pi truth"
[1] "MJMCMC is completed"
[1] "Post Proceed Results"
[1] "pi truth"
[1] "MJMCMC is completed"
[1] "Post Proceed Results"
[1] "MJMCMC is completed"
[1] "Post Proceed Results"
[1] "pi truth"
[1] "pi truth"
[1] "MJMCMC is completed"
[1] "Post Proceed Results"
[1] "pi truth"
[1] "MJMCMC is completed"
[1] "Post Proceed Results"
[1] "pi truth"
[1] "MJMCMC is completed"
[1] "Post Proceed Results"
[1] "pi truth"
[1] "MJMCMC is completed"
[1] "Post Proceed Results"
[1] "pi truth"
[1] "MJMCMC is completed"
[1] "Post Proceed Results"
[1] "pi truth"
[1] "MJMCMC is completed"
[1] "Post Proceed Results"
[1] "pi truth"
[1] "MJMCMC is completed"
[1] "Post Proceed Results"
[1] "pi truth"
[1] "MJMCMC is completed"
[1] "Post Proceed Results"
[1] "pi truth"
[1] "MJMCMC is completed"
[1] "Post Proceed Results"
[1] "pi truth"
[1] "MJMCMC is completed"
[1] "Post Proceed Results"
[1] "pi truth"
[1] "MJMCMC is completed"
[1] "Post Proceed Results"
[1] "pi truth"
[1] "MJMCMC is completed"
[1] "Post Proceed Results"
[1] "pi truth"
[1] "MJMCMC is completed"
[1] "Post Proceed Results"
[1] "pi truth"
[1] "MJMCMC is completed"
[1] "Post Proceed Results"
[1] "pi truth"
[1] "MJMCMC is completed"
[1] "Post Proceed Results"
[1] "pi truth"
[1] "MJMCMC is completed"
[1] "Post Proceed Results"
[1] "pi truth"
[1] "MJMCMC is completed"
[1] "Post Proceed Results"
[1] "pi truth"
[1] "MJMCMC is completed"
[1] "Post Proceed Results"
[1] "pi truth"
[1] "MJMCMC is completed"
[1] "Post Proceed Results"
[1] "pi truth"
[1] "MJMCMC is completed"
[1] "Post Proceed Results"
[1] "pi truth"
[1] "MJMCMC is completed"
[1] "Post Proceed Results"
[1] "pi truth"
[1] "MJMCMC is completed"
[1] "Post Proceed Results"
[1] "pi truth"
[1] "MJMCMC is completed"
[1] "Post Proceed Results"
[1] "pi truth"
[1] "MJMCMC is completed"
[1] "Post Proceed Results"
[1] "pi truth"
[1] "MJMCMC is completed"
[1] "Post Proceed Results"
[1] "pi truth"
[1] "MJMCMC is completed"
[1] "Post Proceed Results"
[1] "pi truth"
[1] "MJMCMC is completed"
[1] "Post Proceed Results"
[1] "pi truth"
[1] 0.9013675
[1] 0.9137241
[1] 0.9207326
[1] 0.942442
[1] 0.947033
[1] 0.9512088
[1] 0.9553846
[1] 0.954652
[1] 0.953602
[1] 0.900293
[1] 1
[1] "Data filtered! Insignificant variables deleted!"
[1] "Data filtered! Insignificant variables deleted!"
[1] "Data filtered! Insignificant variables deleted!"
[1] "Data filtered! Insignificant variables deleted!"
[1] "Data filtered! Insignificant variables deleted!"
[1] "Data filtered! Insignificant variables deleted!"
[1] "Data filtered! Insignificant variables deleted!"
[1] "Data filtered! Insignificant variables deleted!"
[1] "Data filtered! Insignificant variables deleted!"
[1] "Data filtered! Insignificant variables deleted!"
[1] "Data filtered! Insignificant variables deleted!"
[1] "Data filtered! Insignificant variables deleted!"
[1] "Data filtered! Insignificant variables deleted!"
[1] "Data filtered! Insignificant variables deleted!"
[1] "Data filtered! Insignificant variables deleted!"
[1] "Data filtered! Insignificant variables deleted!"
[1] "Data filtered! Insignificant variables deleted!"
[1] "Data filtered! Insignificant variables deleted!"
[1] "Data filtered! Insignificant variables deleted!"
[1] "Data filtered! Insignificant variables deleted!"
[1] "Data filtered! Insignificant variables deleted!"
[1] "Data filtered! Insignificant variables deleted!"
[1] "Data filtered! Insignificant variables deleted!"
[1] "Data filtered! Insignificant variables deleted!"
[1] "Data filtered! Insignificant variables deleted!"
[1] "Data filtered! Insignificant variables deleted!"
[1] "Data filtered! Insignificant variables deleted!"
[1] "Data filtered! Insignificant variables deleted!"
[1] "Data filtered! Insignificant variables deleted!"
[1] "Data filtered! Insignificant variables deleted!"
[1] "Data filtered! Insignificant variables deleted!"
[1] "Data filtered! Insignificant variables deleted!"
[1] "Data filtered! Insignificant variables deleted!"
[1] "Data filtered! Insignificant variables deleted!"
[1] "Data filtered! Insignificant variables deleted!"
[1] "Data filtered! Insignificant variables deleted!"
[1] "Data filtered! Insignificant variables deleted!"
[1] "Data filtered! Insignificant variables deleted!"
[1] "Data filtered! Insignificant variables deleted!"
[1] "1000  iterations completed up to now after  90.0392499999997  cpu minutes  best MLIK found  -15.0000015214738  current mlik found  -19.0000010382018 current acceptance ratio  0.0099009900990099"
[1] "1000  iterations completed up to now after  95.3616499999994  cpu minutes  best MLIK found  -14.500023531944  current mlik found  -29.0000037208555 current acceptance ratio  0.386138613861386"
[1] "Data filtered! Insignificant variables deleted!"
[1] "Data filtered! Insignificant variables deleted!"
[1] "1000  iterations completed up to now after  108.410749999999  cpu minutes  best MLIK found  -17.0000006354351  current mlik found  -25.5000020812139 current acceptance ratio  0.425742574257426"
[1] "1000  iterations completed up to now after  118.119833333333  cpu minutes  best MLIK found  -8.50107661599273  current mlik found  -27.000000273421 current acceptance ratio  0.405940594059406"
[1] "MJMCMC is completed"
[1] "Post Proceed Results"
[1] "pi truth"
[1] "MJMCMC is completed"
[1] "Post Proceed Results"
[1] "pi truth"
[1] "MJMCMC is completed"
[1] "Post Proceed Results"
[1] "pi truth"
[1] "MJMCMC is completed"
[1] "Post Proceed Results"
[1] "pi truth"
[1] "MJMCMC is completed"
[1] "Post Proceed Results"
[1] "pi truth"
Timing stopped at: 13.46 0.404 13.87
[1] "MJMCMC is completed"
[1] "Post Proceed Results"
[1] "pi truth"
[1] "MJMCMC is completed"
[1] "Post Proceed Results"
[1] "pi truth"
[1] "MJMCMC is completed"
[1] "Post Proceed Results"
[1] "pi truth"
[1] "MJMCMC is completed"
[1] "Post Proceed Results"
[1] "pi truth"
[1] "MJMCMC is completed"
[1] "Post Proceed Results"
[1] "pi truth"
[1] "MJMCMC is completed"
[1] "Post Proceed Results"
[1] "pi truth"
[1] "MJMCMC is completed"
[1] "Post Proceed Results"
[1] "pi truth"
[1] "MJMCMC is completed"
[1] "Post Proceed Results"
[1] "pi truth"
[1] "MJMCMC is completed"
[1] "Post Proceed Results"
[1] "pi truth"
[1] "MJMCMC is completed"
[1] "Post Proceed Results"
[1] "pi truth"
[1] "MJMCMC is completed"
[1] "Post Proceed Results"
[1] "pi truth"
[1] "MJMCMC is completed"
[1] "Post Proceed Results"
[1] "pi truth"
[1] "MJMCMC is completed"
[1] "Post Proceed Results"
[1] "pi truth"
[1] "MJMCMC is completed"
[1] "Post Proceed Results"
[1] "pi truth"
[1] "MJMCMC is completed"
[1] "Post Proceed Results"
[1] "pi truth"
[1] "MJMCMC is completed"
[1] "Post Proceed Results"
[1] "pi truth"
[1] "MJMCMC is completed"
[1] "Post Proceed Results"
[1] "pi truth"
[1] "MJMCMC is completed"
[1] "Post Proceed Results"
[1] "pi truth"
[1] "MJMCMC is completed"
[1] "Post Proceed Results"
[1] "pi truth"
[1] "MJMCMC is completed"
[1] "Post Proceed Results"
[1] "pi truth"
[1] "MJMCMC is completed"
[1] "Post Proceed Results"
[1] "pi truth"
[1] "MJMCMC is completed"
[1] "Post Proceed Results"
[1] "pi truth"
[1] "MJMCMC is completed"
[1] "Post Proceed Results"
[1] "pi truth"
[1] "MJMCMC is completed"
[1] "Post Proceed Results"
[1] "pi truth"
[1] "MJMCMC is completed"
[1] "Post Proceed Results"
[1] "pi truth"
[1] "MJMCMC is completed"
[1] "Post Proceed Results"
[1] "pi truth"
[1] "MJMCMC is completed"
[1] "Post Proceed Results"
[1] "pi truth"
[1] 0.9548962
[1] 0.96337
[1] 0.9681807
[1] 0.9745543
[1] 0.9781197
[1] 0.9810012
[1] 0.9786081
[1] 0.9767521
[1] 0.974823
[1] 0.8886447
Warning messages:
1: In cor(x = train[1:785], y = train[785 + dig]) :
  the standard deviation is zero
2: In cor(x = train[1:785], y = train[785 + dig]) :
  the standard deviation is zero
3: In parall.gmj(X = params, FUN = runpar, mc.preschedule = F, mc.cores = M,  :
  1 function calls resulted in an error
4: In cor(x = train[1:785], y = train[785 + dig]) :
  the standard deviation is zero
5: In cor(x = train[1:785], y = train[785 + dig]) :
  the standard deviation is zero
6: In parall.gmj(X = params, FUN = runpar, mc.preschedule = F, mc.cores = M,  :
  1 function calls resulted in an error
